<?xml version="1.0" encoding="UTF-8"?>
<testsuite xmlns:xsi="http://www.w3.org/2001/XMLSchema-instance" xsi:noNamespaceSchemaLocation="https://maven.apache.org/surefire/maven-surefire-plugin/xsd/surefire-test-report.xsd" name="geco.LoginServiceTest" time="0.062" tests="4" errors="0" skipped="0" failures="0">
  <properties>
[...]
</properties>
  <testcase name="testAddLogin" classname="geco.LoginServiceTest" time="0.006"/>
  <testcase name="testLoginExists" classname="geco.LoginServiceTest" time="0"/>
  <testcase name="testFindAllLoginsStartingWith" classname="geco.LoginServiceTest" time="0"/>
  <testcase name="testFindAllLogins" classname="geco.LoginServiceTest" time="0"/>
</testsuite>